Import/Project.hs:514:27:
    No instance for (PersistQuery
                       (Lg.LgRepository (SqlPersistT (HandlerT App IO))))
      arising from a use of `selectSource'
    Possible fix:
      add an instance declaration for
      (PersistQuery (Lg.LgRepository (SqlPersistT (HandlerT App IO))))
    In the first argument of `($=)', namely
      `selectSource [ModuleProject ==. projid] []'
    In the expression:
      selectSource [ModuleProject ==. projid] [] $= awaitForever mf
    In an equation for `modules':
        modules
          = selectSource [ModuleProject ==. projid] [] $= awaitForever mf

Import/Project.hs:514:27:
    Couldn't match type `PersistMonadBackend
                           (Lg.LgRepository (SqlPersistT (HandlerT App IO)))'
                   with `SqlBackend'
    Expected type: PersistMonadBackend
                     (Lg.LgRepository (SqlPersistT (HandlerT App IO)))
      Actual type: PersistEntityBackend Module
    In the first argument of `($=)', namely
      `selectSource [ModuleProject ==. projid] []'
    In the expression:
      selectSource [ModuleProject ==. projid] [] $= awaitForever mf
    In an equation for `modules':
        modules
          = selectSource [ModuleProject ==. projid] [] $= awaitForever mf

Import/Project.hs:523:45:
    Couldn't match type `i' with `()'
      `i' is a rigid type variable bound by
          a type expected by the context:
            ConduitM
              i
              (Either TreeFilePath ByteString)
              (Lg.LgRepository (SqlPersistT (HandlerT App IO)))
              ()
          at Import/Project.hs:523:23
    Expected type: ConduitM
                     i
                     (Either TreeFilePath ByteString)
                     (Lg.LgRepository (SqlPersistT (HandlerT App IO)))
                     ()
      Actual type: Source
                     (Lg.LgRepository (SqlPersistT (HandlerT App IO)))
                     (Either TreeFilePath ByteString)
    In the first argument of `(>>)', namely `modules'
    In the first argument of `diffContentsWithTree', namely
      `(modules >> dataFiles)'

Compilation exited abnormally with code 1 at Mon Nov 25 06:46:24
